<?xml version="1.0" encoding="UTF-8"?>
<testsuite xmlns:xsi="http://www.w3.org/2001/XMLSchema-instance" xsi:noNamespaceSchemaLocation="https://maven.apache.org/surefire/maven-surefire-plugin/xsd/surefire-test-report.xsd" name="MakingOrderTest" time="0.594" tests="4" errors="0" skipped="0" failures="0">
  <properties>
[...]
</properties>
  <testcase name="createAnOrder[0]" classname="MakingOrderTest" time="0.153"/>
  <testcase name="createAnOrder[1]" classname="MakingOrderTest" time="0.143"/>
  <testcase name="createAnOrder[2]" classname="MakingOrderTest" time="0.115"/>
  <testcase name="createAnOrder[3]" classname="MakingOrderTest" time="0.148"/>
</testsuite>